# JRE version: OpenJDK Runtime Environment (8.0_202-b03) (build 1.8.0_202-release-1483-b03)
# Java VM: OpenJDK 64-Bit Server VM (25.202-b03 mixed mode windows-amd64 compressed oops)
Heap:
 PSYoungGen      total 244224K, used 213473K [0x00000000e0000000, 0x00000000f1780000, 0x0000000100000000)
  eden space 209920K, 95% used [0x00000000e0000000,0x00000000ec47c720,0x00000000ecd00000)
  from space 34304K, 35% used [0x00000000ecd00000,0x00000000ed8fc070,0x00000000eee80000)
  to   space 33792K, 0% used [0x00000000ef680000,0x00000000ef680000,0x00000000f1780000)
 ParOldGen       total 149504K, used 46348K [0x00000000a0000000, 0x00000000a9200000, 0x00000000e0000000)
  object space 149504K, 31% used [0x00000000a0000000,0x00000000a2d43238,0x00000000a9200000)
 Metaspace       used 97554K, capacity 104644K, committed 105152K, reserved 1140736K
  class space    used 12222K, capacity 13480K, committed 13568K, reserved 1048576K
GC Heap History (10 events):
Event: 5595.511 GC heap before
{Heap before GC invocations=31 (full 3):
 PSYoungGen      total 254464K, used 254289K [0x00000000e0000000, 0x00000000f2180000, 0x0000000100000000)
  eden space 232960K, 100% used [0x00000000e0000000,0x00000000ee380000,0x00000000ee380000)
  from space 21504K, 99% used [0x00000000eeb80000,0x00000000f00547b0,0x00000000f0080000)
  to   space 31744K, 0% used [0x00000000f0280000,0x00000000f0280000,0x00000000f2180000)
 ParOldGen       total 140800K, used 62949K [0x00000000a0000000, 0x00000000a8980000, 0x00000000e0000000)
  object space 140800K, 44% used [0x00000000a0000000,0x00000000a3d79658,0x00000000a8980000)
 Metaspace       used 91115K, capacity 98310K, committed 98496K, reserved 1134592K
  class space    used 11482K, capacity 12731K, committed 12800K, reserved 1048576K
Event: 5595.544 GC heap after
Heap after GC invocations=31 (full 3):
 PSYoungGen      total 253440K, used 27523K [0x00000000e0000000, 0x00000000f1e80000, 0x0000000100000000)
  eden space 224768K, 0% used [0x00000000e0000000,0x00000000e0000000,0x00000000edb80000)
  from space 28672K, 95% used [0x00000000f0280000,0x00000000f1d60f58,0x00000000f1e80000)
  to   space 34304K, 0% used [0x00000000edb80000,0x00000000edb80000,0x00000000efd00000)
 ParOldGen       total 140800K, used 62957K [0x00000000a0000000, 0x00000000a8980000, 0x00000000e0000000)
  object space 140800K, 44% used [0x00000000a0000000,0x00000000a3d7b658,0x00000000a8980000)
 Metaspace       used 91115K, capacity 98310K, committed 98496K, reserved 1134592K
  class space    used 11482K, capacity 12731K, committed 12800K, reserved 1048576K
}
Event: 5689.723 GC heap before
{Heap before GC invocations=32 (full 3):
 PSYoungGen      total 253440K, used 56872K [0x00000000e0000000, 0x00000000f1e80000, 0x0000000100000000)
  eden space 224768K, 13% used [0x00000000e0000000,0x00000000e1ca9340,0x00000000edb80000)
  from space 28672K, 95% used [0x00000000f0280000,0x00000000f1d60f58,0x00000000f1e80000)
  to   space 34304K, 0% used [0x00000000edb80000,0x00000000edb80000,0x00000000efd00000)
 ParOldGen       total 140800K, used 62957K [0x00000000a0000000, 0x00000000a8980000, 0x00000000e0000000)
  object space 140800K, 44% used [0x00000000a0000000,0x00000000a3d7b658,0x00000000a8980000)
 Metaspace       used 91220K, capacity 98474K, committed 98496K, reserved 1134592K
  class space    used 11500K, capacity 12779K, committed 12800K, reserved 1048576K
Event: 5689.754 GC heap after
Heap after GC invocations=32 (full 3):
 PSYoungGen      total 242688K, used 25349K [0x00000000e0000000, 0x00000000f1900000, 0x0000000100000000)
  eden space 217088K, 0% used [0x00000000e0000000,0x00000000e0000000,0x00000000ed400000)
  from space 25600K, 99% used [0x00000000edb80000,0x00000000ef441410,0x00000000ef480000)
  to   space 35328K, 0% used [0x00000000ef680000,0x00000000ef680000,0x00000000f1900000)
 ParOldGen       total 140800K, used 62965K [0x00000000a0000000, 0x00000000a8980000, 0x00000000e0000000)
  object space 140800K, 44% used [0x00000000a0000000,0x00000000a3d7d658,0x00000000a8980000)
 Metaspace       used 91220K, capacity 98474K, committed 98496K, reserved 1134592K
  class space    used 11500K, capacity 12779K, committed 12800K, reserved 1048576K
}
Event: 5689.754 GC heap before
{Heap before GC invocations=33 (full 4):
 PSYoungGen      total 242688K, used 25349K [0x00000000e0000000, 0x00000000f1900000, 0x0000000100000000)
  eden space 217088K, 0% used [0x00000000e0000000,0x00000000e0000000,0x00000000ed400000)
  from space 25600K, 99% used [0x00000000edb80000,0x00000000ef441410,0x00000000ef480000)
  to   space 35328K, 0% used [0x00000000ef680000,0x00000000ef680000,0x00000000f1900000)
 ParOldGen       total 140800K, used 62965K [0x00000000a0000000, 0x00000000a8980000, 0x00000000e0000000)
  object space 140800K, 44% used [0x00000000a0000000,0x00000000a3d7d658,0x00000000a8980000)
 Metaspace       used 91220K, capacity 98474K, committed 98496K, reserved 1134592K
  class space    used 11500K, capacity 12779K, committed 12800K, reserved 1048576K
Event: 5690.511 GC heap after
Heap after GC invocations=33 (full 4):
 PSYoungGen      total 242688K, used 0K [0x00000000e0000000, 0x00000000f1900000, 0x0000000100000000)
  eden space 217088K, 0% used [0x00000000e0000000,0x00000000e0000000,0x00000000ed400000)
  from space 25600K, 0% used [0x00000000edb80000,0x00000000edb80000,0x00000000ef480000)
  to   space 35328K, 0% used [0x00000000ef680000,0x00000000ef680000,0x00000000f1900000)
 ParOldGen       total 149504K, used 46329K [0x00000000a0000000, 0x00000000a9200000, 0x00000000e0000000)
  object space 149504K, 30% used [0x00000000a0000000,0x00000000a2d3e4f8,0x00000000a9200000)
 Metaspace       used 90108K, capacity 96486K, committed 98496K, reserved 1134592K
  class space    used 11299K, capacity 12451K, committed 12800K, reserved 1048576K
}
Event: 5808.316 GC heap before
{Heap before GC invocations=34 (full 4):
 PSYoungGen      total 242688K, used 217088K [0x00000000e0000000, 0x00000000f1900000, 0x0000000100000000)
  eden space 217088K, 100% used [0x00000000e0000000,0x00000000ed400000,0x00000000ed400000)
  from space 25600K, 0% used [0x00000000edb80000,0x00000000edb80000,0x00000000ef480000)
  to   space 35328K, 0% used [0x00000000ef680000,0x00000000ef680000,0x00000000f1900000)
 ParOldGen       total 149504K, used 46332K [0x00000000a0000000, 0x00000000a9200000, 0x00000000e0000000)
  object space 149504K, 30% used [0x00000000a0000000,0x00000000a2d3f238,0x00000000a9200000)
 Metaspace       used 91467K, capacity 98432K, committed 99136K, reserved 1136640K
  class space    used 11530K, capacity 12780K, committed 12928K, reserved 1048576K
Event: 5808.336 GC heap after
Heap after GC invocations=34 (full 4):
 PSYoungGen      total 236032K, used 15975K [0x00000000e0000000, 0x00000000f1000000, 0x0000000100000000)
  eden space 209920K, 0% used [0x00000000e0000000,0x00000000e0000000,0x00000000ecd00000)
  from space 26112K, 61% used [0x00000000ef680000,0x00000000f0619c58,0x00000000f1000000)
  to   space 34304K, 0% used [0x00000000ecd00000,0x00000000ecd00000,0x00000000eee80000)
 ParOldGen       total 149504K, used 46340K [0x00000000a0000000, 0x00000000a9200000, 0x00000000e0000000)
  object space 149504K, 30% used [0x00000000a0000000,0x00000000a2d41238,0x00000000a9200000)
 Metaspace       used 91467K, capacity 98432K, committed 99136K, reserved 1136640K
  class space    used 11530K, capacity 12780K, committed 12928K, reserved 1048576K
}
Event: 5814.715 GC heap before
{Heap before GC invocations=35 (full 4):
 PSYoungGen      total 236032K, used 225895K [0x00000000e0000000, 0x00000000f1000000, 0x0000000100000000)
  eden space 209920K, 100% used [0x00000000e0000000,0x00000000ecd00000,0x00000000ecd00000)
  from space 26112K, 61% used [0x00000000ef680000,0x00000000f0619c58,0x00000000f1000000)
  to   space 34304K, 0% used [0x00000000ecd00000,0x00000000ecd00000,0x00000000eee80000)
 ParOldGen       total 149504K, used 46340K [0x00000000a0000000, 0x00000000a9200000, 0x00000000e0000000)
  object space 149504K, 30% used [0x00000000a0000000,0x00000000a2d41238,0x00000000a9200000)
 Metaspace       used 92043K, capacity 99076K, committed 99392K, reserved 1136640K
  class space    used 11595K, capacity 12840K, committed 12928K, reserved 1048576K
Event: 5814.744 GC heap after
Heap after GC invocations=35 (full 4):
 PSYoungGen      total 244224K, used 12272K [0x00000000e0000000, 0x00000000f1780000, 0x0000000100000000)
  eden space 209920K, 0% used [0x00000000e0000000,0x00000000e0000000,0x00000000ecd00000)
  from space 34304K, 35% used [0x00000000ecd00000,0x00000000ed8fc070,0x00000000eee80000)
  to   space 33792K, 0% used [0x00000000ef680000,0x00000000ef680000,0x00000000f1780000)
 ParOldGen       total 149504K, used 46348K [0x00000000a0000000, 0x00000000a9200000, 0x00000000e0000000)
  object space 149504K, 31% used [0x00000000a0000000,0x00000000a2d43238,0x00000000a9200000)
 Metaspace       used 92043K, capacity 99076K, committed 99392K, reserved 1136640K
  class space    used 11595K, capacity 12840K, committed 12928K, reserved 1048576K
}

