# JRE version: OpenJDK Runtime Environment (8.0_202-b03) (build 1.8.0_202-release-1483-b03)
# Java VM: OpenJDK 64-Bit Server VM (25.202-b03 mixed mode windows-amd64 compressed oops)
Heap:
 PSYoungGen      total 185344K, used 46952K [0x00000000e0000000, 0x00000000ef500000, 0x0000000100000000)
  eden space 166400K, 17% used [0x00000000e0000000,0x00000000e1c87f90,0x00000000ea280000)
  from space 18944K, 93% used [0x00000000ea280000,0x00000000eb3d2240,0x00000000eb500000)
  to   space 20992K, 0% used [0x00000000ee080000,0x00000000ee080000,0x00000000ef500000)
 ParOldGen       total 126464K, used 31644K [0x00000000a0000000, 0x00000000a7b80000, 0x00000000e0000000)
  object space 126464K, 25% used [0x00000000a0000000,0x00000000a1ee7060,0x00000000a7b80000)
 Metaspace       used 61934K, capacity 64050K, committed 64216K, reserved 1103872K
  class space    used 8359K, capacity 8856K, committed 8960K, reserved 1048576K
GC Heap History (10 events):
Event: 10.433 GC heap before
{Heap before GC invocations=12 (full 2):
 PSYoungGen      total 117760K, used 107008K [0x00000000e0000000, 0x00000000ea800000, 0x0000000100000000)
  eden space 107008K, 100% used [0x00000000e0000000,0x00000000e6880000,0x00000000e6880000)
  from space 10752K, 0% used [0x00000000e6880000,0x00000000e6880000,0x00000000e7300000)
  to   space 11776K, 0% used [0x00000000e9c80000,0x00000000e9c80000,0x00000000ea800000)
 ParOldGen       total 90112K, used 16757K [0x00000000a0000000, 0x00000000a5800000, 0x00000000e0000000)
  object space 90112K, 18% used [0x00000000a0000000,0x00000000a105d620,0x00000000a5800000)
 Metaspace       used 45364K, capacity 46236K, committed 46336K, reserved 1089536K
  class space    used 6109K, capacity 6380K, committed 6400K, reserved 1048576K
Event: 10.451 GC heap after
Heap after GC invocations=12 (full 2):
 PSYoungGen      total 145920K, used 11764K [0x00000000e0000000, 0x00000000ea800000, 0x0000000100000000)
  eden space 134144K, 0% used [0x00000000e0000000,0x00000000e0000000,0x00000000e8300000)
  from space 11776K, 99% used [0x00000000e9c80000,0x00000000ea7fd180,0x00000000ea800000)
  to   space 13824K, 0% used [0x00000000e8d00000,0x00000000e8d00000,0x00000000e9a80000)
 ParOldGen       total 90112K, used 19687K [0x00000000a0000000, 0x00000000a5800000, 0x00000000e0000000)
  object space 90112K, 21% used [0x00000000a0000000,0x00000000a1339ed8,0x00000000a5800000)
 Metaspace       used 45364K, capacity 46236K, committed 46336K, reserved 1089536K
  class space    used 6109K, capacity 6380K, committed 6400K, reserved 1048576K
}
Event: 13.195 GC heap before
{Heap before GC invocations=13 (full 2):
 PSYoungGen      total 145920K, used 145908K [0x00000000e0000000, 0x00000000ea800000, 0x0000000100000000)
  eden space 134144K, 100% used [0x00000000e0000000,0x00000000e8300000,0x00000000e8300000)
  from space 11776K, 99% used [0x00000000e9c80000,0x00000000ea7fd180,0x00000000ea800000)
  to   space 13824K, 0% used [0x00000000e8d00000,0x00000000e8d00000,0x00000000e9a80000)
 ParOldGen       total 90112K, used 19687K [0x00000000a0000000, 0x00000000a5800000, 0x00000000e0000000)
  object space 90112K, 21% used [0x00000000a0000000,0x00000000a1339ee8,0x00000000a5800000)
 Metaspace       used 56460K, capacity 57876K, committed 57984K, reserved 1099776K
  class space    used 7669K, capacity 8049K, committed 8064K, reserved 1048576K
Event: 13.229 GC heap after
Heap after GC invocations=13 (full 2):
 PSYoungGen      total 158208K, used 13811K [0x00000000e0000000, 0x00000000ec700000, 0x0000000100000000)
  eden space 144384K, 0% used [0x00000000e0000000,0x00000000e0000000,0x00000000e8d00000)
  from space 13824K, 99% used [0x00000000e8d00000,0x00000000e9a7ce40,0x00000000e9a80000)
  to   space 18432K, 0% used [0x00000000eb500000,0x00000000eb500000,0x00000000ec700000)
 ParOldGen       total 90112K, used 27226K [0x00000000a0000000, 0x00000000a5800000, 0x00000000e0000000)
  object space 90112K, 30% used [0x00000000a0000000,0x00000000a1a96820,0x00000000a5800000)
 Metaspace       used 56460K, capacity 57876K, committed 57984K, reserved 1099776K
  class space    used 7669K, capacity 8049K, committed 8064K, reserved 1048576K
}
Event: 13.596 GC heap before
{Heap before GC invocations=14 (full 2):
 PSYoungGen      total 158208K, used 30589K [0x00000000e0000000, 0x00000000ec700000, 0x0000000100000000)
  eden space 144384K, 11% used [0x00000000e0000000,0x00000000e10628c8,0x00000000e8d00000)
  from space 13824K, 99% used [0x00000000e8d00000,0x00000000e9a7ce40,0x00000000e9a80000)
  to   space 18432K, 0% used [0x00000000eb500000,0x00000000eb500000,0x00000000ec700000)
 ParOldGen       total 90112K, used 27226K [0x00000000a0000000, 0x00000000a5800000, 0x00000000e0000000)
  object space 90112K, 30% used [0x00000000a0000000,0x00000000a1a96820,0x00000000a5800000)
 Metaspace       used 57465K, capacity 59034K, committed 59096K, reserved 1099776K
  class space    used 7796K, capacity 8192K, committed 8192K, reserved 1048576K
Event: 13.631 GC heap after
Heap after GC invocations=14 (full 2):
 PSYoungGen      total 184832K, used 1762K [0x00000000e0000000, 0x00000000ee500000, 0x0000000100000000)
  eden space 166400K, 0% used [0x00000000e0000000,0x00000000e0000000,0x00000000ea280000)
  from space 18432K, 9% used [0x00000000eb500000,0x00000000eb6b8a90,0x00000000ec700000)
  to   space 18944K, 0% used [0x00000000ea280000,0x00000000ea280000,0x00000000eb500000)
 ParOldGen       total 90112K, used 32777K [0x00000000a0000000, 0x00000000a5800000, 0x00000000e0000000)
  object space 90112K, 36% used [0x00000000a0000000,0x00000000a2002720,0x00000000a5800000)
 Metaspace       used 57465K, capacity 59034K, committed 59096K, reserved 1099776K
  class space    used 7796K, capacity 8192K, committed 8192K, reserved 1048576K
}
Event: 13.631 GC heap before
{Heap before GC invocations=15 (full 3):
 PSYoungGen      total 184832K, used 1762K [0x00000000e0000000, 0x00000000ee500000, 0x0000000100000000)
  eden space 166400K, 0% used [0x00000000e0000000,0x00000000e0000000,0x00000000ea280000)
  from space 18432K, 9% used [0x00000000eb500000,0x00000000eb6b8a90,0x00000000ec700000)
  to   space 18944K, 0% used [0x00000000ea280000,0x00000000ea280000,0x00000000eb500000)
 ParOldGen       total 90112K, used 32777K [0x00000000a0000000, 0x00000000a5800000, 0x00000000e0000000)
  object space 90112K, 36% used [0x00000000a0000000,0x00000000a2002720,0x00000000a5800000)
 Metaspace       used 57465K, capacity 59034K, committed 59096K, reserved 1099776K
  class space    used 7796K, capacity 8192K, committed 8192K, reserved 1048576K
Event: 13.953 GC heap after
Heap after GC invocations=15 (full 3):
 PSYoungGen      total 184832K, used 0K [0x00000000e0000000, 0x00000000ee500000, 0x0000000100000000)
  eden space 166400K, 0% used [0x00000000e0000000,0x00000000e0000000,0x00000000ea280000)
  from space 18432K, 0% used [0x00000000eb500000,0x00000000eb500000,0x00000000ec700000)
  to   space 18944K, 0% used [0x00000000ea280000,0x00000000ea280000,0x00000000eb500000)
 ParOldGen       total 126464K, used 28431K [0x00000000a0000000, 0x00000000a7b80000, 0x00000000e0000000)
  object space 126464K, 22% used [0x00000000a0000000,0x00000000a1bc3e08,0x00000000a7b80000)
 Metaspace       used 57465K, capacity 59034K, committed 59096K, reserved 1099776K
  class space    used 7796K, capacity 8192K, committed 8192K, reserved 1048576K
}
Event: 20.092 GC heap before
{Heap before GC invocations=16 (full 3):
 PSYoungGen      total 184832K, used 166400K [0x00000000e0000000, 0x00000000ee500000, 0x0000000100000000)
  eden space 166400K, 100% used [0x00000000e0000000,0x00000000ea280000,0x00000000ea280000)
  from space 18432K, 0% used [0x00000000eb500000,0x00000000eb500000,0x00000000ec700000)
  to   space 18944K, 0% used [0x00000000ea280000,0x00000000ea280000,0x00000000eb500000)
 ParOldGen       total 126464K, used 31636K [0x00000000a0000000, 0x00000000a7b80000, 0x00000000e0000000)
  object space 126464K, 25% used [0x00000000a0000000,0x00000000a1ee5060,0x00000000a7b80000)
 Metaspace       used 61665K, capacity 63708K, committed 63832K, reserved 1103872K
  class space    used 8334K, capacity 8815K, committed 8832K, reserved 1048576K
Event: 20.120 GC heap after
Heap after GC invocations=16 (full 3):
 PSYoungGen      total 185344K, used 17736K [0x00000000e0000000, 0x00000000ef500000, 0x0000000100000000)
  eden space 166400K, 0% used [0x00000000e0000000,0x00000000e0000000,0x00000000ea280000)
  from space 18944K, 93% used [0x00000000ea280000,0x00000000eb3d2240,0x00000000eb500000)
  to   space 20992K, 0% used [0x00000000ee080000,0x00000000ee080000,0x00000000ef500000)
 ParOldGen       total 126464K, used 31644K [0x00000000a0000000, 0x00000000a7b80000, 0x00000000e0000000)
  object space 126464K, 25% used [0x00000000a0000000,0x00000000a1ee7060,0x00000000a7b80000)
 Metaspace       used 61665K, capacity 63708K, committed 63832K, reserved 1103872K
  class space    used 8334K, capacity 8815K, committed 8832K, reserved 1048576K
}

