# JRE version: OpenJDK Runtime Environment (8.0_202-b03) (build 1.8.0_202-release-1483-b03)
# Java VM: OpenJDK 64-Bit Server VM (25.202-b03 mixed mode windows-amd64 compressed oops)
Heap:
 PSYoungGen      total 217088K, used 112763K [0x00000000e0000000, 0x00000000eeb80000, 0x0000000100000000)
  eden space 194560K, 51% used [0x00000000e0000000,0x00000000e6243100,0x00000000ebe00000)
  from space 22528K, 59% used [0x00000000ebe00000,0x00000000ecb1a2a0,0x00000000ed400000)
  to   space 19456K, 0% used [0x00000000ed400000,0x00000000ed400000,0x00000000ee700000)
 ParOldGen       total 132608K, used 36137K [0x00000000a0000000, 0x00000000a8180000, 0x00000000e0000000)
  object space 132608K, 27% used [0x00000000a0000000,0x00000000a234a478,0x00000000a8180000)
 Metaspace       used 76623K, capacity 79610K, committed 79704K, reserved 1118208K
  class space    used 10198K, capacity 10794K, committed 10880K, reserved 1048576K
GC Heap History (10 events):
Event: 19.804 GC heap before
{Heap before GC invocations=16 (full 3):
 PSYoungGen      total 183296K, used 164864K [0x00000000e0000000, 0x00000000edb80000, 0x0000000100000000)
  eden space 164864K, 100% used [0x00000000e0000000,0x00000000ea100000,0x00000000ea100000)
  from space 18432K, 0% used [0x00000000eb380000,0x00000000eb380000,0x00000000ec580000)
  to   space 18944K, 0% used [0x00000000ea100000,0x00000000ea100000,0x00000000eb380000)
 ParOldGen       total 132608K, used 28618K [0x00000000a0000000, 0x00000000a8180000, 0x00000000e0000000)
  object space 132608K, 21% used [0x00000000a0000000,0x00000000a1bf2908,0x00000000a8180000)
 Metaspace       used 65581K, capacity 67506K, committed 67800K, reserved 1107968K
  class space    used 8751K, capacity 9168K, committed 9216K, reserved 1048576K
Event: 19.833 GC heap after
Heap after GC invocations=16 (full 3):
 PSYoungGen      total 183808K, used 12722K [0x00000000e0000000, 0x00000000ee700000, 0x0000000100000000)
  eden space 164864K, 0% used [0x00000000e0000000,0x00000000e0000000,0x00000000ea100000)
  from space 18944K, 67% used [0x00000000ea100000,0x00000000ead6c908,0x00000000eb380000)
  to   space 19456K, 0% used [0x00000000ed400000,0x00000000ed400000,0x00000000ee700000)
 ParOldGen       total 132608K, used 28626K [0x00000000a0000000, 0x00000000a8180000, 0x00000000e0000000)
  object space 132608K, 21% used [0x00000000a0000000,0x00000000a1bf4908,0x00000000a8180000)
 Metaspace       used 65581K, capacity 67506K, committed 67800K, reserved 1107968K
  class space    used 8751K, capacity 9168K, committed 9216K, reserved 1048576K
}
Event: 23.977 GC heap before
{Heap before GC invocations=17 (full 3):
 PSYoungGen      total 183808K, used 177586K [0x00000000e0000000, 0x00000000ee700000, 0x0000000100000000)
  eden space 164864K, 100% used [0x00000000e0000000,0x00000000ea100000,0x00000000ea100000)
  from space 18944K, 67% used [0x00000000ea100000,0x00000000ead6c908,0x00000000eb380000)
  to   space 19456K, 0% used [0x00000000ed400000,0x00000000ed400000,0x00000000ee700000)
 ParOldGen       total 132608K, used 28626K [0x00000000a0000000, 0x00000000a8180000, 0x00000000e0000000)
  object space 132608K, 21% used [0x00000000a0000000,0x00000000a1bf4908,0x00000000a8180000)
 Metaspace       used 74609K, capacity 77416K, committed 77528K, reserved 1116160K
  class space    used 10077K, capacity 10647K, committed 10752K, reserved 1048576K
Event: 24.030 GC heap after
Heap after GC invocations=17 (full 3):
 PSYoungGen      total 214016K, used 19453K [0x00000000e0000000, 0x00000000eeb80000, 0x0000000100000000)
  eden space 194560K, 0% used [0x00000000e0000000,0x00000000e0000000,0x00000000ebe00000)
  from space 19456K, 99% used [0x00000000ed400000,0x00000000ee6ff7f0,0x00000000ee700000)
  to   space 22528K, 0% used [0x00000000ebe00000,0x00000000ebe00000,0x00000000ed400000)
 ParOldGen       total 132608K, used 29554K [0x00000000a0000000, 0x00000000a8180000, 0x00000000e0000000)
  object space 132608K, 22% used [0x00000000a0000000,0x00000000a1cdc8a0,0x00000000a8180000)
 Metaspace       used 74609K, capacity 77416K, committed 77528K, reserved 1116160K
  class space    used 10077K, capacity 10647K, committed 10752K, reserved 1048576K
}
Event: 26.752 GC heap before
{Heap before GC invocations=18 (full 3):
 PSYoungGen      total 214016K, used 214013K [0x00000000e0000000, 0x00000000eeb80000, 0x0000000100000000)
  eden space 194560K, 100% used [0x00000000e0000000,0x00000000ebe00000,0x00000000ebe00000)
  from space 19456K, 99% used [0x00000000ed400000,0x00000000ee6ff7f0,0x00000000ee700000)
  to   space 22528K, 0% used [0x00000000ebe00000,0x00000000ebe00000,0x00000000ed400000)
 ParOldGen       total 132608K, used 29554K [0x00000000a0000000, 0x00000000a8180000, 0x00000000e0000000)
  object space 132608K, 22% used [0x00000000a0000000,0x00000000a1cdc8a0,0x00000000a8180000)
 Metaspace       used 76091K, capacity 79078K, committed 79320K, reserved 1118208K
  class space    used 10164K, capacity 10746K, committed 10752K, reserved 1048576K
Event: 26.851 GC heap after
Heap after GC invocations=18 (full 3):
 PSYoungGen      total 217088K, used 7648K [0x00000000e0000000, 0x00000000eeb80000, 0x0000000100000000)
  eden space 194560K, 0% used [0x00000000e0000000,0x00000000e0000000,0x00000000ebe00000)
  from space 22528K, 33% used [0x00000000ebe00000,0x00000000ec5781d8,0x00000000ed400000)
  to   space 19456K, 0% used [0x00000000ed400000,0x00000000ed400000,0x00000000ee700000)
 ParOldGen       total 132608K, used 36129K [0x00000000a0000000, 0x00000000a8180000, 0x00000000e0000000)
  object space 132608K, 27% used [0x00000000a0000000,0x00000000a2348478,0x00000000a8180000)
 Metaspace       used 76091K, capacity 79078K, committed 79320K, reserved 1118208K
  class space    used 10164K, capacity 10746K, committed 10752K, reserved 1048576K
}
Event: 29.054 GC heap before
{Heap before GC invocations=19 (full 3):
 PSYoungGen      total 217088K, used 202208K [0x00000000e0000000, 0x00000000eeb80000, 0x0000000100000000)
  eden space 194560K, 100% used [0x00000000e0000000,0x00000000ebe00000,0x00000000ebe00000)
  from space 22528K, 33% used [0x00000000ebe00000,0x00000000ec5781d8,0x00000000ed400000)
  to   space 19456K, 0% used [0x00000000ed400000,0x00000000ed400000,0x00000000ee700000)
 ParOldGen       total 132608K, used 36129K [0x00000000a0000000, 0x00000000a8180000, 0x00000000e0000000)
  object space 132608K, 27% used [0x00000000a0000000,0x00000000a2348478,0x00000000a8180000)
 Metaspace       used 76304K, capacity 79234K, committed 79320K, reserved 1118208K
  class space    used 10178K, capacity 10750K, committed 10752K, reserved 1048576K
Event: 29.093 GC heap after
Heap after GC invocations=19 (full 3):
 PSYoungGen      total 214016K, used 9194K [0x00000000e0000000, 0x00000000eeb80000, 0x0000000100000000)
  eden space 194560K, 0% used [0x00000000e0000000,0x00000000e0000000,0x00000000ebe00000)
  from space 19456K, 47% used [0x00000000ed400000,0x00000000edcfabf8,0x00000000ee700000)
  to   space 22528K, 0% used [0x00000000ebe00000,0x00000000ebe00000,0x00000000ed400000)
 ParOldGen       total 132608K, used 36129K [0x00000000a0000000, 0x00000000a8180000, 0x00000000e0000000)
  object space 132608K, 27% used [0x00000000a0000000,0x00000000a2348478,0x00000000a8180000)
 Metaspace       used 76304K, capacity 79234K, committed 79320K, reserved 1118208K
  class space    used 10178K, capacity 10750K, committed 10752K, reserved 1048576K
}
Event: 31.157 GC heap before
{Heap before GC invocations=20 (full 3):
 PSYoungGen      total 214016K, used 203754K [0x00000000e0000000, 0x00000000eeb80000, 0x0000000100000000)
  eden space 194560K, 100% used [0x00000000e0000000,0x00000000ebe00000,0x00000000ebe00000)
  from space 19456K, 47% used [0x00000000ed400000,0x00000000edcfabf8,0x00000000ee700000)
  to   space 22528K, 0% used [0x00000000ebe00000,0x00000000ebe00000,0x00000000ed400000)
 ParOldGen       total 132608K, used 36129K [0x00000000a0000000, 0x00000000a8180000, 0x00000000e0000000)
  object space 132608K, 27% used [0x00000000a0000000,0x00000000a2348478,0x00000000a8180000)
 Metaspace       used 76563K, capacity 79602K, committed 79704K, reserved 1118208K
  class space    used 10198K, capacity 10794K, committed 10880K, reserved 1048576K
Event: 31.185 GC heap after
Heap after GC invocations=20 (full 3):
 PSYoungGen      total 217088K, used 13416K [0x00000000e0000000, 0x00000000eeb80000, 0x0000000100000000)
  eden space 194560K, 0% used [0x00000000e0000000,0x00000000e0000000,0x00000000ebe00000)
  from space 22528K, 59% used [0x00000000ebe00000,0x00000000ecb1a2a0,0x00000000ed400000)
  to   space 19456K, 0% used [0x00000000ed400000,0x00000000ed400000,0x00000000ee700000)
 ParOldGen       total 132608K, used 36137K [0x00000000a0000000, 0x00000000a8180000, 0x00000000e0000000)
  object space 132608K, 27% used [0x00000000a0000000,0x00000000a234a478,0x00000000a8180000)
 Metaspace       used 76563K, capacity 79602K, committed 79704K, reserved 1118208K
  class space    used 10198K, capacity 10794K, committed 10880K, reserved 1048576K
}

